<?xml version="1.0" encoding="UTF-8"?>
<!-- Generated by org.testng.reporters.JUnitReportReporter -->
<testsuite hostname="QT-INNO-LT0938" failures="0" tests="1" name="spicejetbook.spicejetbook.AppTest" time="55.840" errors="0" timestamp="2021-10-13T12:48:07 IST" skipped="0">
  <testcase classname="spicejetbook.spicejetbook.AppTest" name="loginAbc" time="55.840"/>
  <system-out/>
</testsuite> <!-- spicejetbook.spicejetbook.AppTest -->
